UTS/app/build/intermediates/manifest_merge_blame_file/debug/processDebugMainManifest/manifest-merger-blame-debug-report.txt
1<?xml version="1.0" encoding="utf-8"?>
2<manifest xmlns:android="http://schemas.android.com/apk/res/android"
3    package="com.example.todolistpersonal"
4    android:versionCode="1"
5    android:versionName="1.0" >
6
7    <uses-sdk
8        android:minSdkVersion="24"
9        android:targetSdkVersion="35" />
10
11    <uses-feature
11-->src\main\AndroidManifest.xml:5:5-90
12        android:name="android.hardware.touchscreen"
12-->src\main\AndroidManifest.xml:5:19-62
13        android:required="false" />
13-->src\main\AndroidManifest.xml:5:63-87
14
15    <permission
15-->[androidx.core:core:1.18.0] AndroidManifest.xml:22:5-24:47
16        android:name="com.example.todolistpersonal.DYNAMIC_RECEIVER_NOT_EXPORTED_PERMISSION"
16-->[androidx.core:core:1.18.0] AndroidManifest.xml:23:9-81
17        android:protectionLevel="signature" />
17-->[androidx.core:core:1.18.0] AndroidManifest.xml:24:9-44
18
19    <uses-permission android:name="com.example.todolistpersonal.DYNAMIC_RECEIVER_NOT_EXPORTED_PERMISSION" />
19-->[androidx.core:core:1.18.0] AndroidManifest.xml:26:5-97
19-->[androidx.core:core:1.18.0] AndroidManifest.xml:26:22-94
20
21    <application
21-->src\main\AndroidManifest.xml:7:5-69:19
22        android:name="com.example.todolistpersonal.ToDoApplication"
22-->src\main\AndroidManifest.xml:8:9-40
23        android:allowBackup="true"
23-->src\main\AndroidManifest.xml:9:9-35
24        android:appComponentFactory="androidx.core.app.CoreComponentFactory"
24-->[androidx.core:core:1.18.0] AndroidManifest.xml:28:18-86
25        android:dataExtractionRules="@xml/data_extraction_rules"
25-->src\main\AndroidManifest.xml:10:9-65
26        android:debuggable="true"
27        android:extractNativeLibs="false"
28        android:fullBackupContent="@xml/backup_rules"
28-->src\main\AndroidManifest.xml:11:9-54
29        android:icon="@mipmap/ic_launcher"
29-->src\main\AndroidManifest.xml:12:9-43
30        android:label="@string/app_name"
30-->src\main\AndroidManifest.xml:13:9-41
31        android:roundIcon="@mipmap/ic_launcher_round"
31-->src\main\AndroidManifest.xml:14:9-54
32        android:supportsRtl="true"
32-->src\main\AndroidManifest.xml:15:9-35
33        android:theme="@style/Theme.ToDoListPersonal" >
33-->src\main\AndroidManifest.xml:16:9-54
34
35        <!-- Main Activity - Launcher Activity dengan Drawer dan Bottom Navigation -->
36        <activity
36-->src\main\AndroidManifest.xml:18:9-27:20
37            android:name="com.example.todolistpersonal.MainActivity"
37-->src\main\AndroidManifest.xml:19:13-41
38            android:exported="true"
38-->src\main\AndroidManifest.xml:20:13-36
39            android:label="@string/app_name"
39-->src\main\AndroidManifest.xml:21:13-45
40            android:theme="@style/Theme.ToDoListPersonal" >
40-->src\main\AndroidManifest.xml:22:13-58
41            <intent-filter>
41-->src\main\AndroidManifest.xml:23:13-26:29
42                <action android:name="android.intent.action.MAIN" />
42-->src\main\AndroidManifest.xml:24:17-69
42-->src\main\AndroidManifest.xml:24:25-66
43
44                <category android:name="android.intent.category.LAUNCHER" />
44-->src\main\AndroidManifest.xml:25:17-77
44-->src\main\AndroidManifest.xml:25:27-74
45            </intent-filter>
46        </activity>
47
48        <!-- Tasks Screen Activity -->
49        <activity
49-->src\main\AndroidManifest.xml:30:9-34:61
50            android:name="com.example.todolistpersonal.TasksActivity"
50-->src\main\AndroidManifest.xml:31:13-42
51            android:exported="false"
51-->src\main\AndroidManifest.xml:32:13-37
52            android:label="Tasks"
52-->src\main\AndroidManifest.xml:33:13-34
53            android:theme="@style/Theme.ToDoListPersonal" />
53-->src\main\AndroidManifest.xml:34:13-58
54
55        <!-- Calendar Screen Activity -->
56        <activity
56-->src\main\AndroidManifest.xml:37:9-41:61
57            android:name="com.example.todolistpersonal.CalendarActivity"
57-->src\main\AndroidManifest.xml:38:13-45
58            android:exported="false"
58-->src\main\AndroidManifest.xml:39:13-37
59            android:label="Calendar"
59-->src\main\AndroidManifest.xml:40:13-37
60            android:theme="@style/Theme.ToDoListPersonal" />
60-->src\main\AndroidManifest.xml:41:13-58
61
62        <!-- New Task Dialog Activity -->
63        <activity
63-->src\main\AndroidManifest.xml:44:9-47:68
64            android:name="com.example.todolistpersonal.NewTaskActivity"
64-->src\main\AndroidManifest.xml:45:13-44
65            android:exported="false"
65-->src\main\AndroidManifest.xml:46:13-37
66            android:theme="@style/Theme.ToDoListPersonal.Dialog" />
66-->src\main\AndroidManifest.xml:47:13-65
67
68        <!-- Task Detail Screen Activity -->
69        <activity
69-->src\main\AndroidManifest.xml:50:9-54:61
70            android:name="com.example.todolistpersonal.TaskDetailActivity"
70-->src\main\AndroidManifest.xml:51:13-47
71            android:exported="false"
71-->src\main\AndroidManifest.xml:52:13-37
72            android:label="Task Detail"
72-->src\main\AndroidManifest.xml:53:13-40
73            android:theme="@style/Theme.ToDoListPersonal" />
73-->src\main\AndroidManifest.xml:54:13-58
74
75        <!-- Theme Selection Activity -->
76        <activity
76-->src\main\AndroidManifest.xml:57:9-61:61
77            android:name="com.example.todolistpersonal.ThemeActivity"
77-->src\main\AndroidManifest.xml:58:13-42
78            android:exported="false"
78-->src\main\AndroidManifest.xml:59:13-37
79            android:label="Theme"
79-->src\main\AndroidManifest.xml:60:13-34
80            android:theme="@style/Theme.ToDoListPersonal" />
80-->src\main\AndroidManifest.xml:61:13-58
81
82        <!-- Settings Activity -->
83        <activity
83-->src\main\AndroidManifest.xml:64:9-68:61
84            android:name="com.example.todolistpersonal.SettingsActivity"
84-->src\main\AndroidManifest.xml:65:13-45
85            android:exported="false"
85-->src\main\AndroidManifest.xml:66:13-37
86            android:label="Settings"
86-->src\main\AndroidManifest.xml:67:13-37
87            android:theme="@style/Theme.ToDoListPersonal" />
87-->src\main\AndroidManifest.xml:68:13-58
88        <activity
88-->[androidx.compose.ui:ui-tooling-android:1.9.2] AndroidManifest.xml:23:9-25:39
89            android:name="androidx.compose.ui.tooling.PreviewActivity"
89-->[androidx.compose.ui:ui-tooling-android:1.9.2] AndroidManifest.xml:24:13-71
90            android:exported="true" />
90-->[androidx.compose.ui:ui-tooling-android:1.9.2] AndroidManifest.xml:25:13-36
91        <activity
91-->[androidx.compose.ui:ui-test-manifest:1.9.2] AndroidManifest.xml:23:9-26:79
92            android:name="androidx.activity.ComponentActivity"
92-->[androidx.compose.ui:ui-test-manifest:1.9.2] AndroidManifest.xml:24:13-63
93            android:exported="true"
93-->[androidx.compose.ui:ui-test-manifest:1.9.2] AndroidManifest.xml:25:13-36
94            android:theme="@android:style/Theme.Material.Light.NoActionBar" />
94-->[androidx.compose.ui:ui-test-manifest:1.9.2] AndroidManifest.xml:26:13-76
95
96        <provider
96-->[androidx.emoji2:emoji2:1.4.0] AndroidManifest.xml:24:9-32:20
97            android:name="androidx.startup.InitializationProvider"
97-->[androidx.emoji2:emoji2:1.4.0] AndroidManifest.xml:25:13-67
98            android:authorities="com.example.todolistpersonal.androidx-startup"
98-->[androidx.emoji2:emoji2:1.4.0] AndroidManifest.xml:26:13-68
99            android:exported="false" >
99-->[androidx.emoji2:emoji2:1.4.0] AndroidManifest.xml:27:13-37
100            <meta-data
100-->[androidx.emoji2:emoji2:1.4.0] AndroidManifest.xml:29:13-31:52
101                android:name="androidx.emoji2.text.EmojiCompatInitializer"
101-->[androidx.emoji2:emoji2:1.4.0] AndroidManifest.xml:30:17-75
102                android:value="androidx.startup" />
102-->[androidx.emoji2:emoji2:1.4.0] AndroidManifest.xml:31:17-49
103            <meta-data
103-->[androidx.lifecycle:lifecycle-process:2.10.0] AndroidManifest.xml:29:13-31:52
104                android:name="androidx.lifecycle.ProcessLifecycleInitializer"
104-->[androidx.lifecycle:lifecycle-process:2.10.0] AndroidManifest.xml:30:17-78
105                android:value="androidx.startup" />
105-->[androidx.lifecycle:lifecycle-process:2.10.0] AndroidManifest.xml:31:17-49
106            <meta-data
106-->[androidx.profileinstaller:profileinstaller:1.4.0] AndroidManifest.xml:29:13-31:52
107                android:name="androidx.profileinstaller.ProfileInstallerInitializer"
107-->[androidx.profileinstaller:profileinstaller:1.4.0] AndroidManifest.xml:30:17-85
108                android:value="androidx.startup" />
108-->[androidx.profileinstaller:profileinstaller:1.4.0] AndroidManifest.xml:31:17-49
109        </provider>
110
111        <receiver
111-->[androidx.profileinstaller:profileinstaller:1.4.0] AndroidManifest.xml:34:9-52:20
112            android:name="androidx.profileinstaller.ProfileInstallReceiver"
112-->[androidx.profileinstaller:profileinstaller:1.4.0] AndroidManifest.xml:35:13-76
113            android:directBootAware="false"
113-->[androidx.profileinstaller:profileinstaller:1.4.0] AndroidManifest.xml:36:13-44
114            android:enabled="true"
114-->[androidx.profileinstaller:profileinstaller:1.4.0] AndroidManifest.xml:37:13-35
115            android:exported="true"
115-->[androidx.profileinstaller:profileinstaller:1.4.0] AndroidManifest.xml:38:13-36
116            android:permission="android.permission.DUMP" >
116-->[androidx.profileinstaller:profileinstaller:1.4.0] AndroidManifest.xml:39:13-57
117            <intent-filter>
117-->[androidx.profileinstaller:profileinstaller:1.4.0] AndroidManifest.xml:40:13-42:29
118                <action android:name="androidx.profileinstaller.action.INSTALL_PROFILE" />
118-->[androidx.profileinstaller:profileinstaller:1.4.0] AndroidManifest.xml:41:17-91
118-->[androidx.profileinstaller:profileinstaller:1.4.0] AndroidManifest.xml:41:25-88
119            </intent-filter>
120            <intent-filter>
120-->[androidx.profileinstaller:profileinstaller:1.4.0] AndroidManifest.xml:43:13-45:29
121                <action android:name="androidx.profileinstaller.action.SKIP_FILE" />
121-->[androidx.profileinstaller:profileinstaller:1.4.0] AndroidManifest.xml:44:17-85
121-->[androidx.profileinstaller:profileinstaller:1.4.0] AndroidManifest.xml:44:25-82
122            </intent-filter>
123            <intent-filter>
123-->[androidx.profileinstaller:profileinstaller:1.4.0] AndroidManifest.xml:46:13-48:29
124                <action android:name="androidx.profileinstaller.action.SAVE_PROFILE" />
124-->[androidx.profileinstaller:profileinstaller:1.4.0] AndroidManifest.xml:47:17-88
124-->[androidx.profileinstaller:profileinstaller:1.4.0] AndroidManifest.xml:47:25-85
125            </intent-filter>
126            <intent-filter>
126-->[androidx.profileinstaller:profileinstaller:1.4.0] AndroidManifest.xml:49:13-51:29
127                <action android:name="androidx.profileinstaller.action.BENCHMARK_OPERATION" />
127-->[androidx.profileinstaller:profileinstaller:1.4.0] AndroidManifest.xml:50:17-95
127-->[androidx.profileinstaller:profileinstaller:1.4.0] AndroidManifest.xml:50:25-92
128            </intent-filter>
129        </receiver>
130    </application>
131
132</manifest>